ERROR - 2022-12-14 03:39:24 --> Error connecting to the database: Aucune connexion n’a pu être établie car l’ordinateur cible l’a expressément refusée
CRITICAL - 2022-12-14 03:39:24 --> Unable to connect to the database.
Main connection [MySQLi]: Aucune connexion n’a pu être établie car l’ordinateur cible l’a expressément refusée
#0 D:\www\ppe_chopesgames\system\Database\BaseConnection.php(577): CodeIgniter\Database\BaseConnection->initialize()
#1 D:\www\ppe_chopesgames\system\Database\BaseBuilder.php(1443): CodeIgniter\Database\BaseConnection->query('SELECT *\nFROM `...', Array, false)
#2 D:\www\ppe_chopesgames\system\Model.php(183): CodeIgniter\Database\BaseBuilder->get()
#3 D:\www\ppe_chopesgames\system\BaseModel.php(584): CodeIgniter\Model->doFindAll(0, 0)
#4 D:\www\ppe_chopesgames\app\Models\ModeleProduit.php(27): CodeIgniter\BaseModel->findAll()
#5 D:\www\ppe_chopesgames\app\Controllers\Visiteur.php(20): App\Models\ModeleProduit->retourner_vitrine()
#6 D:\www\ppe_chopesgames\system\CodeIgniter.php(824): App\Controllers\Visiteur->accueil()
#7 D:\www\ppe_chopesgames\system\CodeIgniter.php(410): CodeIgniter\CodeIgniter->runController(Object(App\Controllers\Visiteur))
#8 D:\www\ppe_chopesgames\system\CodeIgniter.php(318): CodeIgniter\CodeIgniter->handleRequest(NULL, Object(Config\Cache), false)
#9 D:\www\ppe_chopesgames\public\index.php(37): CodeIgniter\CodeIgniter->run()
#10 D:\www\ppe_chopesgames\system\Commands\Server\rewrite.php(43): require_once('D:\\www\\ppe_chop...')
#11 {main}
CRITICAL - 2022-12-14 03:39:24 --> Uncaught ErrorException: strtolower(): Passing null to parameter #1 ($string) of type string is deprecated in D:\www\ppe_chopesgames\system\Validation\FormatRules.php:253
Stack trace:
#0 [internal function]: CodeIgniter\Debug\Exceptions->errorHandler(8192, 'strtolower(): P...', 'D:\\www\\ppe_chop...', 253)
#1 D:\www\ppe_chopesgames\system\Validation\FormatRules.php(253): strtolower(NULL)
#2 D:\www\ppe_chopesgames\system\HTTP\RequestTrait.php(151): CodeIgniter\Validation\FormatRules->valid_ip('::1')
#3 D:\www\ppe_chopesgames\app\Views\errors\html\error_exception.php(206): CodeIgniter\HTTP\Request->getIPAddress()
#4 D:\www\ppe_chopesgames\system\Debug\Exceptions.php(229): include('D:\\www\\ppe_chop...')
#5 D:\www\ppe_chopesgames\system\Debug\Exceptions.php(232): CodeIgniter\Debug\Exceptions->CodeIgniter\Debug\{closure}()
#6 D:\www\ppe_chopesgames\system\Debug\Exceptions.php(116): CodeIgniter\Debug\Exceptions->render(Object(CodeIgniter\Database\Exceptions\DatabaseException), 500)
#7 [internal function]: CodeIgniter\Debug\Exceptions->exceptionHandler(Object(CodeIgniter\Database\Exceptions\DatabaseException))
#8 {main}
  thrown
#0 [internal function]: CodeIgniter\Debug\Exceptions->shutdownHandler()
#1 {main}
ERROR - 2022-12-14 03:41:06 --> Error connecting to the database: Unknown database 'ppe_chopesgames'
CRITICAL - 2022-12-14 03:41:06 --> Unable to connect to the database.
Main connection [MySQLi]: Unknown database 'ppe_chopesgames'
#0 D:\www\ppe_chopesgames\system\Database\BaseConnection.php(577): CodeIgniter\Database\BaseConnection->initialize()
#1 D:\www\ppe_chopesgames\system\Database\BaseBuilder.php(1443): CodeIgniter\Database\BaseConnection->query('SELECT *\nFROM `...', Array, false)
#2 D:\www\ppe_chopesgames\system\Model.php(183): CodeIgniter\Database\BaseBuilder->get()
#3 D:\www\ppe_chopesgames\system\BaseModel.php(584): CodeIgniter\Model->doFindAll(0, 0)
#4 D:\www\ppe_chopesgames\app\Models\ModeleProduit.php(27): CodeIgniter\BaseModel->findAll()
#5 D:\www\ppe_chopesgames\app\Controllers\Visiteur.php(20): App\Models\ModeleProduit->retourner_vitrine()
#6 D:\www\ppe_chopesgames\system\CodeIgniter.php(824): App\Controllers\Visiteur->accueil()
#7 D:\www\ppe_chopesgames\system\CodeIgniter.php(410): CodeIgniter\CodeIgniter->runController(Object(App\Controllers\Visiteur))
#8 D:\www\ppe_chopesgames\system\CodeIgniter.php(318): CodeIgniter\CodeIgniter->handleRequest(NULL, Object(Config\Cache), false)
#9 D:\www\ppe_chopesgames\public\index.php(37): CodeIgniter\CodeIgniter->run()
#10 D:\www\ppe_chopesgames\system\Commands\Server\rewrite.php(43): require_once('D:\\www\\ppe_chop...')
#11 {main}
CRITICAL - 2022-12-14 03:41:06 --> Uncaught ErrorException: strtolower(): Passing null to parameter #1 ($string) of type string is deprecated in D:\www\ppe_chopesgames\system\Validation\FormatRules.php:253
Stack trace:
#0 [internal function]: CodeIgniter\Debug\Exceptions->errorHandler(8192, 'strtolower(): P...', 'D:\\www\\ppe_chop...', 253)
#1 D:\www\ppe_chopesgames\system\Validation\FormatRules.php(253): strtolower(NULL)
#2 D:\www\ppe_chopesgames\system\HTTP\RequestTrait.php(151): CodeIgniter\Validation\FormatRules->valid_ip('::1')
#3 D:\www\ppe_chopesgames\app\Views\errors\html\error_exception.php(206): CodeIgniter\HTTP\Request->getIPAddress()
#4 D:\www\ppe_chopesgames\system\Debug\Exceptions.php(229): include('D:\\www\\ppe_chop...')
#5 D:\www\ppe_chopesgames\system\Debug\Exceptions.php(232): CodeIgniter\Debug\Exceptions->CodeIgniter\Debug\{closure}()
#6 D:\www\ppe_chopesgames\system\Debug\Exceptions.php(116): CodeIgniter\Debug\Exceptions->render(Object(CodeIgniter\Database\Exceptions\DatabaseException), 500)
#7 [internal function]: CodeIgniter\Debug\Exceptions->exceptionHandler(Object(CodeIgniter\Database\Exceptions\DatabaseException))
#8 {main}
  thrown
#0 [internal function]: CodeIgniter\Debug\Exceptions->shutdownHandler()
#1 {main}
ERROR - 2022-12-14 03:41:08 --> Error connecting to the database: Unknown database 'ppe_chopesgames'
CRITICAL - 2022-12-14 03:41:08 --> Unable to connect to the database.
Main connection [MySQLi]: Unknown database 'ppe_chopesgames'
#0 D:\www\ppe_chopesgames\system\Database\BaseConnection.php(577): CodeIgniter\Database\BaseConnection->initialize()
#1 D:\www\ppe_chopesgames\system\Database\BaseBuilder.php(1443): CodeIgniter\Database\BaseConnection->query('SELECT *\nFROM `...', Array, false)
#2 D:\www\ppe_chopesgames\system\Model.php(183): CodeIgniter\Database\BaseBuilder->get()
#3 D:\www\ppe_chopesgames\system\BaseModel.php(584): CodeIgniter\Model->doFindAll(0, 0)
#4 D:\www\ppe_chopesgames\app\Models\ModeleProduit.php(27): CodeIgniter\BaseModel->findAll()
#5 D:\www\ppe_chopesgames\app\Controllers\Visiteur.php(20): App\Models\ModeleProduit->retourner_vitrine()
#6 D:\www\ppe_chopesgames\system\CodeIgniter.php(824): App\Controllers\Visiteur->accueil()
#7 D:\www\ppe_chopesgames\system\CodeIgniter.php(410): CodeIgniter\CodeIgniter->runController(Object(App\Controllers\Visiteur))
#8 D:\www\ppe_chopesgames\system\CodeIgniter.php(318): CodeIgniter\CodeIgniter->handleRequest(NULL, Object(Config\Cache), false)
#9 D:\www\ppe_chopesgames\public\index.php(37): CodeIgniter\CodeIgniter->run()
#10 D:\www\ppe_chopesgames\system\Commands\Server\rewrite.php(43): require_once('D:\\www\\ppe_chop...')
#11 {main}
CRITICAL - 2022-12-14 03:41:08 --> Uncaught ErrorException: strtolower(): Passing null to parameter #1 ($string) of type string is deprecated in D:\www\ppe_chopesgames\system\Validation\FormatRules.php:253
Stack trace:
#0 [internal function]: CodeIgniter\Debug\Exceptions->errorHandler(8192, 'strtolower(): P...', 'D:\\www\\ppe_chop...', 253)
#1 D:\www\ppe_chopesgames\system\Validation\FormatRules.php(253): strtolower(NULL)
#2 D:\www\ppe_chopesgames\system\HTTP\RequestTrait.php(151): CodeIgniter\Validation\FormatRules->valid_ip('::1')
#3 D:\www\ppe_chopesgames\app\Views\errors\html\error_exception.php(206): CodeIgniter\HTTP\Request->getIPAddress()
#4 D:\www\ppe_chopesgames\system\Debug\Exceptions.php(229): include('D:\\www\\ppe_chop...')
#5 D:\www\ppe_chopesgames\system\Debug\Exceptions.php(232): CodeIgniter\Debug\Exceptions->CodeIgniter\Debug\{closure}()
#6 D:\www\ppe_chopesgames\system\Debug\Exceptions.php(116): CodeIgniter\Debug\Exceptions->render(Object(CodeIgniter\Database\Exceptions\DatabaseException), 500)
#7 [internal function]: CodeIgniter\Debug\Exceptions->exceptionHandler(Object(CodeIgniter\Database\Exceptions\DatabaseException))
#8 {main}
  thrown
#0 [internal function]: CodeIgniter\Debug\Exceptions->shutdownHandler()
#1 {main}
ERROR - 2022-12-14 03:41:08 --> Error connecting to the database: Unknown database 'ppe_chopesgames'
CRITICAL - 2022-12-14 03:41:08 --> Unable to connect to the database.
Main connection [MySQLi]: Unknown database 'ppe_chopesgames'
#0 D:\www\ppe_chopesgames\system\Database\BaseConnection.php(577): CodeIgniter\Database\BaseConnection->initialize()
#1 D:\www\ppe_chopesgames\system\Database\BaseBuilder.php(1443): CodeIgniter\Database\BaseConnection->query('SELECT *\nFROM `...', Array, false)
#2 D:\www\ppe_chopesgames\system\Model.php(183): CodeIgniter\Database\BaseBuilder->get()
#3 D:\www\ppe_chopesgames\system\BaseModel.php(584): CodeIgniter\Model->doFindAll(0, 0)
#4 D:\www\ppe_chopesgames\app\Models\ModeleProduit.php(27): CodeIgniter\BaseModel->findAll()
#5 D:\www\ppe_chopesgames\app\Controllers\Visiteur.php(20): App\Models\ModeleProduit->retourner_vitrine()
#6 D:\www\ppe_chopesgames\system\CodeIgniter.php(824): App\Controllers\Visiteur->accueil()
#7 D:\www\ppe_chopesgames\system\CodeIgniter.php(410): CodeIgniter\CodeIgniter->runController(Object(App\Controllers\Visiteur))
#8 D:\www\ppe_chopesgames\system\CodeIgniter.php(318): CodeIgniter\CodeIgniter->handleRequest(NULL, Object(Config\Cache), false)
#9 D:\www\ppe_chopesgames\public\index.php(37): CodeIgniter\CodeIgniter->run()
#10 D:\www\ppe_chopesgames\system\Commands\Server\rewrite.php(43): require_once('D:\\www\\ppe_chop...')
#11 {main}
CRITICAL - 2022-12-14 03:41:08 --> Uncaught ErrorException: strtolower(): Passing null to parameter #1 ($string) of type string is deprecated in D:\www\ppe_chopesgames\system\Validation\FormatRules.php:253
Stack trace:
#0 [internal function]: CodeIgniter\Debug\Exceptions->errorHandler(8192, 'strtolower(): P...', 'D:\\www\\ppe_chop...', 253)
#1 D:\www\ppe_chopesgames\system\Validation\FormatRules.php(253): strtolower(NULL)
#2 D:\www\ppe_chopesgames\system\HTTP\RequestTrait.php(151): CodeIgniter\Validation\FormatRules->valid_ip('::1')
#3 D:\www\ppe_chopesgames\app\Views\errors\html\error_exception.php(206): CodeIgniter\HTTP\Request->getIPAddress()
#4 D:\www\ppe_chopesgames\system\Debug\Exceptions.php(229): include('D:\\www\\ppe_chop...')
#5 D:\www\ppe_chopesgames\system\Debug\Exceptions.php(232): CodeIgniter\Debug\Exceptions->CodeIgniter\Debug\{closure}()
#6 D:\www\ppe_chopesgames\system\Debug\Exceptions.php(116): CodeIgniter\Debug\Exceptions->render(Object(CodeIgniter\Database\Exceptions\DatabaseException), 500)
#7 [internal function]: CodeIgniter\Debug\Exceptions->exceptionHandler(Object(CodeIgniter\Database\Exceptions\DatabaseException))
#8 {main}
  thrown
#0 [internal function]: CodeIgniter\Debug\Exceptions->shutdownHandler()
#1 {main}
ERROR - 2022-12-14 03:41:18 --> Error connecting to the database: Unknown database 'ppe_chopesgames'
CRITICAL - 2022-12-14 03:41:18 --> Unable to connect to the database.
Main connection [MySQLi]: Unknown database 'ppe_chopesgames'
#0 D:\www\ppe_chopesgames\system\Database\BaseConnection.php(577): CodeIgniter\Database\BaseConnection->initialize()
#1 D:\www\ppe_chopesgames\system\Database\BaseBuilder.php(1443): CodeIgniter\Database\BaseConnection->query('SELECT *\nFROM `...', Array, false)
#2 D:\www\ppe_chopesgames\system\Model.php(183): CodeIgniter\Database\BaseBuilder->get()
#3 D:\www\ppe_chopesgames\system\BaseModel.php(584): CodeIgniter\Model->doFindAll(0, 0)
#4 D:\www\ppe_chopesgames\app\Models\ModeleProduit.php(27): CodeIgniter\BaseModel->findAll()
#5 D:\www\ppe_chopesgames\app\Controllers\Visiteur.php(20): App\Models\ModeleProduit->retourner_vitrine()
#6 D:\www\ppe_chopesgames\system\CodeIgniter.php(824): App\Controllers\Visiteur->accueil()
#7 D:\www\ppe_chopesgames\system\CodeIgniter.php(410): CodeIgniter\CodeIgniter->runController(Object(App\Controllers\Visiteur))
#8 D:\www\ppe_chopesgames\system\CodeIgniter.php(318): CodeIgniter\CodeIgniter->handleRequest(NULL, Object(Config\Cache), false)
#9 D:\www\ppe_chopesgames\public\index.php(37): CodeIgniter\CodeIgniter->run()
#10 D:\www\ppe_chopesgames\system\Commands\Server\rewrite.php(43): require_once('D:\\www\\ppe_chop...')
#11 {main}
CRITICAL - 2022-12-14 03:41:18 --> Uncaught ErrorException: strtolower(): Passing null to parameter #1 ($string) of type string is deprecated in D:\www\ppe_chopesgames\system\Validation\FormatRules.php:253
Stack trace:
#0 [internal function]: CodeIgniter\Debug\Exceptions->errorHandler(8192, 'strtolower(): P...', 'D:\\www\\ppe_chop...', 253)
#1 D:\www\ppe_chopesgames\system\Validation\FormatRules.php(253): strtolower(NULL)
#2 D:\www\ppe_chopesgames\system\HTTP\RequestTrait.php(151): CodeIgniter\Validation\FormatRules->valid_ip('::1')
#3 D:\www\ppe_chopesgames\app\Views\errors\html\error_exception.php(206): CodeIgniter\HTTP\Request->getIPAddress()
#4 D:\www\ppe_chopesgames\system\Debug\Exceptions.php(229): include('D:\\www\\ppe_chop...')
#5 D:\www\ppe_chopesgames\system\Debug\Exceptions.php(232): CodeIgniter\Debug\Exceptions->CodeIgniter\Debug\{closure}()
#6 D:\www\ppe_chopesgames\system\Debug\Exceptions.php(116): CodeIgniter\Debug\Exceptions->render(Object(CodeIgniter\Database\Exceptions\DatabaseException), 500)
#7 [internal function]: CodeIgniter\Debug\Exceptions->exceptionHandler(Object(CodeIgniter\Database\Exceptions\DatabaseException))
#8 {main}
  thrown
#0 [internal function]: CodeIgniter\Debug\Exceptions->shutdownHandler()
#1 {main}
ERROR - 2022-12-14 03:41:20 --> Error connecting to the database: Unknown database 'ppe_chopesgames'
CRITICAL - 2022-12-14 03:41:20 --> Unable to connect to the database.
Main connection [MySQLi]: Unknown database 'ppe_chopesgames'
#0 D:\www\ppe_chopesgames\system\Database\BaseConnection.php(577): CodeIgniter\Database\BaseConnection->initialize()
#1 D:\www\ppe_chopesgames\system\Database\BaseBuilder.php(1443): CodeIgniter\Database\BaseConnection->query('SELECT *\nFROM `...', Array, false)
#2 D:\www\ppe_chopesgames\system\Model.php(183): CodeIgniter\Database\BaseBuilder->get()
#3 D:\www\ppe_chopesgames\system\BaseModel.php(584): CodeIgniter\Model->doFindAll(0, 0)
#4 D:\www\ppe_chopesgames\app\Models\ModeleProduit.php(27): CodeIgniter\BaseModel->findAll()
#5 D:\www\ppe_chopesgames\app\Controllers\Visiteur.php(20): App\Models\ModeleProduit->retourner_vitrine()
#6 D:\www\ppe_chopesgames\system\CodeIgniter.php(824): App\Controllers\Visiteur->accueil()
#7 D:\www\ppe_chopesgames\system\CodeIgniter.php(410): CodeIgniter\CodeIgniter->runController(Object(App\Controllers\Visiteur))
#8 D:\www\ppe_chopesgames\system\CodeIgniter.php(318): CodeIgniter\CodeIgniter->handleRequest(NULL, Object(Config\Cache), false)
#9 D:\www\ppe_chopesgames\public\index.php(37): CodeIgniter\CodeIgniter->run()
#10 D:\www\ppe_chopesgames\system\Commands\Server\rewrite.php(43): require_once('D:\\www\\ppe_chop...')
#11 {main}
CRITICAL - 2022-12-14 03:41:20 --> Uncaught ErrorException: strtolower(): Passing null to parameter #1 ($string) of type string is deprecated in D:\www\ppe_chopesgames\system\Validation\FormatRules.php:253
Stack trace:
#0 [internal function]: CodeIgniter\Debug\Exceptions->errorHandler(8192, 'strtolower(): P...', 'D:\\www\\ppe_chop...', 253)
#1 D:\www\ppe_chopesgames\system\Validation\FormatRules.php(253): strtolower(NULL)
#2 D:\www\ppe_chopesgames\system\HTTP\RequestTrait.php(151): CodeIgniter\Validation\FormatRules->valid_ip('::1')
#3 D:\www\ppe_chopesgames\app\Views\errors\html\error_exception.php(206): CodeIgniter\HTTP\Request->getIPAddress()
#4 D:\www\ppe_chopesgames\system\Debug\Exceptions.php(229): include('D:\\www\\ppe_chop...')
#5 D:\www\ppe_chopesgames\system\Debug\Exceptions.php(232): CodeIgniter\Debug\Exceptions->CodeIgniter\Debug\{closure}()
#6 D:\www\ppe_chopesgames\system\Debug\Exceptions.php(116): CodeIgniter\Debug\Exceptions->render(Object(CodeIgniter\Database\Exceptions\DatabaseException), 500)
#7 [internal function]: CodeIgniter\Debug\Exceptions->exceptionHandler(Object(CodeIgniter\Database\Exceptions\DatabaseException))
#8 {main}
  thrown
#0 [internal function]: CodeIgniter\Debug\Exceptions->shutdownHandler()
#1 {main}
CRITICAL - 2022-12-14 03:50:47 --> strtolower(): Passing null to parameter #1 ($string) of type string is deprecated
#0 [internal function]: CodeIgniter\Debug\Exceptions->errorHandler(8192, 'strtolower(): P...', 'D:\\www\\ppe_chop...', 253)
#1 D:\www\ppe_chopesgames\system\Validation\FormatRules.php(253): strtolower(NULL)
#2 D:\www\ppe_chopesgames\system\HTTP\RequestTrait.php(151): CodeIgniter\Validation\FormatRules->valid_ip('::1')
#3 D:\www\ppe_chopesgames\system\Config\Services.php(570): CodeIgniter\HTTP\Request->getIPAddress()
#4 D:\www\ppe_chopesgames\system\Config\BaseService.php(248): CodeIgniter\Config\Services::session(Object(Config\App), false)
#5 D:\www\ppe_chopesgames\system\Config\BaseService.php(189): CodeIgniter\Config\BaseService::__callStatic('session', Array)
#6 D:\www\ppe_chopesgames\system\Config\Services.php(563): CodeIgniter\Config\BaseService::getSharedInstance('session', NULL)
#7 D:\www\ppe_chopesgames\system\Config\BaseService.php(248): CodeIgniter\Config\Services::session()
#8 D:\www\ppe_chopesgames\system\Common.php(909): CodeIgniter\Config\BaseService::__callStatic('session', Array)
#9 D:\www\ppe_chopesgames\app\Views\templates\header.php(3): session()
#10 D:\www\ppe_chopesgames\system\View\View.php(214): include('D:\\www\\ppe_chop...')
#11 D:\www\ppe_chopesgames\system\View\View.php(217): CodeIgniter\View\View->CodeIgniter\View\{closure}()
#12 D:\www\ppe_chopesgames\system\Common.php(1097): CodeIgniter\View\View->render('templates/heade...', Array, true)
#13 D:\www\ppe_chopesgames\app\Controllers\Visiteur.php(26): view('templates/heade...', Array)
#14 D:\www\ppe_chopesgames\system\CodeIgniter.php(824): App\Controllers\Visiteur->accueil()
#15 D:\www\ppe_chopesgames\system\CodeIgniter.php(410): CodeIgniter\CodeIgniter->runController(Object(App\Controllers\Visiteur))
#16 D:\www\ppe_chopesgames\system\CodeIgniter.php(318): CodeIgniter\CodeIgniter->handleRequest(NULL, Object(Config\Cache), false)
#17 D:\www\ppe_chopesgames\public\index.php(37): CodeIgniter\CodeIgniter->run()
#18 D:\www\ppe_chopesgames\system\Commands\Server\rewrite.php(43): require_once('D:\\www\\ppe_chop...')
#19 {main}
CRITICAL - 2022-12-14 03:55:57 --> filter_var(): Passing null to parameter #3 ($options) of type array|int is deprecated
#0 [internal function]: CodeIgniter\Debug\Exceptions->errorHandler(8192, 'filter_var(): P...', 'D:\\www\\ppe_chop...', 267)
#1 D:\www\ppe_chopesgames\system\Validation\FormatRules.php(267): filter_var('::1', 275, NULL)
#2 D:\www\ppe_chopesgames\system\HTTP\RequestTrait.php(151): CodeIgniter\Validation\FormatRules->valid_ip('::1')
#3 D:\www\ppe_chopesgames\system\Config\Services.php(570): CodeIgniter\HTTP\Request->getIPAddress()
#4 D:\www\ppe_chopesgames\system\Config\BaseService.php(248): CodeIgniter\Config\Services::session(Object(Config\App), false)
#5 D:\www\ppe_chopesgames\system\Config\BaseService.php(189): CodeIgniter\Config\BaseService::__callStatic('session', Array)
#6 D:\www\ppe_chopesgames\system\Config\Services.php(563): CodeIgniter\Config\BaseService::getSharedInstance('session', NULL)
#7 D:\www\ppe_chopesgames\system\Config\BaseService.php(248): CodeIgniter\Config\Services::session()
#8 D:\www\ppe_chopesgames\system\Common.php(909): CodeIgniter\Config\BaseService::__callStatic('session', Array)
#9 D:\www\ppe_chopesgames\app\Views\templates\header.php(3): session()
#10 D:\www\ppe_chopesgames\system\View\View.php(214): include('D:\\www\\ppe_chop...')
#11 D:\www\ppe_chopesgames\system\View\View.php(217): CodeIgniter\View\View->CodeIgniter\View\{closure}()
#12 D:\www\ppe_chopesgames\system\Common.php(1097): CodeIgniter\View\View->render('templates/heade...', Array, true)
#13 D:\www\ppe_chopesgames\app\Controllers\Visiteur.php(26): view('templates/heade...', Array)
#14 D:\www\ppe_chopesgames\system\CodeIgniter.php(824): App\Controllers\Visiteur->accueil()
#15 D:\www\ppe_chopesgames\system\CodeIgniter.php(410): CodeIgniter\CodeIgniter->runController(Object(App\Controllers\Visiteur))
#16 D:\www\ppe_chopesgames\system\CodeIgniter.php(318): CodeIgniter\CodeIgniter->handleRequest(NULL, Object(Config\Cache), false)
#17 D:\www\ppe_chopesgames\public\index.php(37): CodeIgniter\CodeIgniter->run()
#18 D:\www\ppe_chopesgames\system\Commands\Server\rewrite.php(43): require_once('D:\\www\\ppe_chop...')
#19 {main}
CRITICAL - 2022-12-14 03:56:29 --> filter_var(): Argument #3 ($options) must be of type array|int, string given
#0 D:\www\ppe_chopesgames\system\Validation\FormatRules.php(267): filter_var('::1', 275, '')
#1 D:\www\ppe_chopesgames\system\HTTP\RequestTrait.php(151): CodeIgniter\Validation\FormatRules->valid_ip('::1')
#2 D:\www\ppe_chopesgames\system\Config\Services.php(570): CodeIgniter\HTTP\Request->getIPAddress()
#3 D:\www\ppe_chopesgames\system\Config\BaseService.php(248): CodeIgniter\Config\Services::session(Object(Config\App), false)
#4 D:\www\ppe_chopesgames\system\Config\BaseService.php(189): CodeIgniter\Config\BaseService::__callStatic('session', Array)
#5 D:\www\ppe_chopesgames\system\Config\Services.php(563): CodeIgniter\Config\BaseService::getSharedInstance('session', NULL)
#6 D:\www\ppe_chopesgames\system\Config\BaseService.php(248): CodeIgniter\Config\Services::session()
#7 D:\www\ppe_chopesgames\system\Common.php(909): CodeIgniter\Config\BaseService::__callStatic('session', Array)
#8 D:\www\ppe_chopesgames\app\Views\templates\header.php(3): session()
#9 D:\www\ppe_chopesgames\system\View\View.php(214): include('D:\\www\\ppe_chop...')
#10 D:\www\ppe_chopesgames\system\View\View.php(217): CodeIgniter\View\View->CodeIgniter\View\{closure}()
#11 D:\www\ppe_chopesgames\system\Common.php(1097): CodeIgniter\View\View->render('templates/heade...', Array, true)
#12 D:\www\ppe_chopesgames\app\Controllers\Visiteur.php(26): view('templates/heade...', Array)
#13 D:\www\ppe_chopesgames\system\CodeIgniter.php(824): App\Controllers\Visiteur->accueil()
#14 D:\www\ppe_chopesgames\system\CodeIgniter.php(410): CodeIgniter\CodeIgniter->runController(Object(App\Controllers\Visiteur))
#15 D:\www\ppe_chopesgames\system\CodeIgniter.php(318): CodeIgniter\CodeIgniter->handleRequest(NULL, Object(Config\Cache), false)
#16 D:\www\ppe_chopesgames\public\index.php(37): CodeIgniter\CodeIgniter->run()
#17 D:\www\ppe_chopesgames\system\Commands\Server\rewrite.php(43): require_once('D:\\www\\ppe_chop...')
#18 {main}
CRITICAL - 2022-12-14 03:58:07 --> filter_var(): Argument #3 ($options) must be of type array|int, string given
#0 D:\www\ppe_chopesgames\system\Validation\FormatRules.php(267): filter_var('::1', 275, '')
#1 D:\www\ppe_chopesgames\system\HTTP\RequestTrait.php(151): CodeIgniter\Validation\FormatRules->valid_ip('::1')
#2 D:\www\ppe_chopesgames\system\Config\Services.php(570): CodeIgniter\HTTP\Request->getIPAddress()
#3 D:\www\ppe_chopesgames\system\Config\BaseService.php(248): CodeIgniter\Config\Services::session(Object(Config\App), false)
#4 D:\www\ppe_chopesgames\system\Config\BaseService.php(189): CodeIgniter\Config\BaseService::__callStatic('session', Array)
#5 D:\www\ppe_chopesgames\system\Config\Services.php(563): CodeIgniter\Config\BaseService::getSharedInstance('session', NULL)
#6 D:\www\ppe_chopesgames\system\Config\BaseService.php(248): CodeIgniter\Config\Services::session()
#7 D:\www\ppe_chopesgames\system\Common.php(909): CodeIgniter\Config\BaseService::__callStatic('session', Array)
#8 D:\www\ppe_chopesgames\app\Views\templates\header.php(3): session()
#9 D:\www\ppe_chopesgames\system\View\View.php(214): include('D:\\www\\ppe_chop...')
#10 D:\www\ppe_chopesgames\system\View\View.php(217): CodeIgniter\View\View->CodeIgniter\View\{closure}()
#11 D:\www\ppe_chopesgames\system\Common.php(1097): CodeIgniter\View\View->render('templates/heade...', Array, true)
#12 D:\www\ppe_chopesgames\app\Controllers\Visiteur.php(26): view('templates/heade...', Array)
#13 D:\www\ppe_chopesgames\system\CodeIgniter.php(824): App\Controllers\Visiteur->accueil()
#14 D:\www\ppe_chopesgames\system\CodeIgniter.php(410): CodeIgniter\CodeIgniter->runController(Object(App\Controllers\Visiteur))
#15 D:\www\ppe_chopesgames\system\CodeIgniter.php(318): CodeIgniter\CodeIgniter->handleRequest(NULL, Object(Config\Cache), false)
#16 D:\www\ppe_chopesgames\public\index.php(37): CodeIgniter\CodeIgniter->run()
#17 D:\www\ppe_chopesgames\system\Commands\Server\rewrite.php(43): require_once('D:\\www\\ppe_chop...')
#18 {main}
CRITICAL - 2022-12-14 03:58:08 --> filter_var(): Argument #3 ($options) must be of type array|int, string given
#0 D:\www\ppe_chopesgames\system\Validation\FormatRules.php(267): filter_var('::1', 275, '')
#1 D:\www\ppe_chopesgames\system\HTTP\RequestTrait.php(151): CodeIgniter\Validation\FormatRules->valid_ip('::1')
#2 D:\www\ppe_chopesgames\system\Config\Services.php(570): CodeIgniter\HTTP\Request->getIPAddress()
#3 D:\www\ppe_chopesgames\system\Config\BaseService.php(248): CodeIgniter\Config\Services::session(Object(Config\App), false)
#4 D:\www\ppe_chopesgames\system\Config\BaseService.php(189): CodeIgniter\Config\BaseService::__callStatic('session', Array)
#5 D:\www\ppe_chopesgames\system\Config\Services.php(563): CodeIgniter\Config\BaseService::getSharedInstance('session', NULL)
#6 D:\www\ppe_chopesgames\system\Config\BaseService.php(248): CodeIgniter\Config\Services::session()
#7 D:\www\ppe_chopesgames\system\Common.php(909): CodeIgniter\Config\BaseService::__callStatic('session', Array)
#8 D:\www\ppe_chopesgames\app\Views\templates\header.php(3): session()
#9 D:\www\ppe_chopesgames\system\View\View.php(214): include('D:\\www\\ppe_chop...')
#10 D:\www\ppe_chopesgames\system\View\View.php(217): CodeIgniter\View\View->CodeIgniter\View\{closure}()
#11 D:\www\ppe_chopesgames\system\Common.php(1097): CodeIgniter\View\View->render('templates/heade...', Array, true)
#12 D:\www\ppe_chopesgames\app\Controllers\Visiteur.php(26): view('templates/heade...', Array)
#13 D:\www\ppe_chopesgames\system\CodeIgniter.php(824): App\Controllers\Visiteur->accueil()
#14 D:\www\ppe_chopesgames\system\CodeIgniter.php(410): CodeIgniter\CodeIgniter->runController(Object(App\Controllers\Visiteur))
#15 D:\www\ppe_chopesgames\system\CodeIgniter.php(318): CodeIgniter\CodeIgniter->handleRequest(NULL, Object(Config\Cache), false)
#16 D:\www\ppe_chopesgames\public\index.php(37): CodeIgniter\CodeIgniter->run()
#17 D:\www\ppe_chopesgames\system\Commands\Server\rewrite.php(43): require_once('D:\\www\\ppe_chop...')
#18 {main}
CRITICAL - 2022-12-14 03:58:09 --> filter_var(): Argument #3 ($options) must be of type array|int, string given
#0 D:\www\ppe_chopesgames\system\Validation\FormatRules.php(267): filter_var('::1', 275, '')
#1 D:\www\ppe_chopesgames\system\HTTP\RequestTrait.php(151): CodeIgniter\Validation\FormatRules->valid_ip('::1')
#2 D:\www\ppe_chopesgames\system\Config\Services.php(570): CodeIgniter\HTTP\Request->getIPAddress()
#3 D:\www\ppe_chopesgames\system\Config\BaseService.php(248): CodeIgniter\Config\Services::session(Object(Config\App), false)
#4 D:\www\ppe_chopesgames\system\Config\BaseService.php(189): CodeIgniter\Config\BaseService::__callStatic('session', Array)
#5 D:\www\ppe_chopesgames\system\Config\Services.php(563): CodeIgniter\Config\BaseService::getSharedInstance('session', NULL)
#6 D:\www\ppe_chopesgames\system\Config\BaseService.php(248): CodeIgniter\Config\Services::session()
#7 D:\www\ppe_chopesgames\system\Common.php(909): CodeIgniter\Config\BaseService::__callStatic('session', Array)
#8 D:\www\ppe_chopesgames\app\Views\templates\header.php(3): session()
#9 D:\www\ppe_chopesgames\system\View\View.php(214): include('D:\\www\\ppe_chop...')
#10 D:\www\ppe_chopesgames\system\View\View.php(217): CodeIgniter\View\View->CodeIgniter\View\{closure}()
#11 D:\www\ppe_chopesgames\system\Common.php(1097): CodeIgniter\View\View->render('templates/heade...', Array, true)
#12 D:\www\ppe_chopesgames\app\Controllers\Visiteur.php(26): view('templates/heade...', Array)
#13 D:\www\ppe_chopesgames\system\CodeIgniter.php(824): App\Controllers\Visiteur->accueil()
#14 D:\www\ppe_chopesgames\system\CodeIgniter.php(410): CodeIgniter\CodeIgniter->runController(Object(App\Controllers\Visiteur))
#15 D:\www\ppe_chopesgames\system\CodeIgniter.php(318): CodeIgniter\CodeIgniter->handleRequest(NULL, Object(Config\Cache), false)
#16 D:\www\ppe_chopesgames\public\index.php(37): CodeIgniter\CodeIgniter->run()
#17 D:\www\ppe_chopesgames\system\Commands\Server\rewrite.php(43): require_once('D:\\www\\ppe_chop...')
#18 {main}
CRITICAL - 2022-12-14 03:58:09 --> filter_var(): Argument #3 ($options) must be of type array|int, string given
#0 D:\www\ppe_chopesgames\system\Validation\FormatRules.php(267): filter_var('::1', 275, '')
#1 D:\www\ppe_chopesgames\system\HTTP\RequestTrait.php(151): CodeIgniter\Validation\FormatRules->valid_ip('::1')
#2 D:\www\ppe_chopesgames\system\Config\Services.php(570): CodeIgniter\HTTP\Request->getIPAddress()
#3 D:\www\ppe_chopesgames\system\Config\BaseService.php(248): CodeIgniter\Config\Services::session(Object(Config\App), false)
#4 D:\www\ppe_chopesgames\system\Config\BaseService.php(189): CodeIgniter\Config\BaseService::__callStatic('session', Array)
#5 D:\www\ppe_chopesgames\system\Config\Services.php(563): CodeIgniter\Config\BaseService::getSharedInstance('session', NULL)
#6 D:\www\ppe_chopesgames\system\Config\BaseService.php(248): CodeIgniter\Config\Services::session()
#7 D:\www\ppe_chopesgames\system\Common.php(909): CodeIgniter\Config\BaseService::__callStatic('session', Array)
#8 D:\www\ppe_chopesgames\app\Views\templates\header.php(3): session()
#9 D:\www\ppe_chopesgames\system\View\View.php(214): include('D:\\www\\ppe_chop...')
#10 D:\www\ppe_chopesgames\system\View\View.php(217): CodeIgniter\View\View->CodeIgniter\View\{closure}()
#11 D:\www\ppe_chopesgames\system\Common.php(1097): CodeIgniter\View\View->render('templates/heade...', Array, true)
#12 D:\www\ppe_chopesgames\app\Controllers\Visiteur.php(26): view('templates/heade...', Array)
#13 D:\www\ppe_chopesgames\system\CodeIgniter.php(824): App\Controllers\Visiteur->accueil()
#14 D:\www\ppe_chopesgames\system\CodeIgniter.php(410): CodeIgniter\CodeIgniter->runController(Object(App\Controllers\Visiteur))
#15 D:\www\ppe_chopesgames\system\CodeIgniter.php(318): CodeIgniter\CodeIgniter->handleRequest(NULL, Object(Config\Cache), false)
#16 D:\www\ppe_chopesgames\public\index.php(37): CodeIgniter\CodeIgniter->run()
#17 D:\www\ppe_chopesgames\system\Commands\Server\rewrite.php(43): require_once('D:\\www\\ppe_chop...')
#18 {main}
CRITICAL - 2022-12-14 03:58:15 --> filter_var(): Argument #3 ($options) must be of type array|int, string given
#0 D:\www\ppe_chopesgames\system\Validation\FormatRules.php(267): filter_var('::1', 275, '')
#1 D:\www\ppe_chopesgames\system\HTTP\RequestTrait.php(151): CodeIgniter\Validation\FormatRules->valid_ip('::1')
#2 D:\www\ppe_chopesgames\system\Config\Services.php(570): CodeIgniter\HTTP\Request->getIPAddress()
#3 D:\www\ppe_chopesgames\system\Config\BaseService.php(248): CodeIgniter\Config\Services::session(Object(Config\App), false)
#4 D:\www\ppe_chopesgames\system\Config\BaseService.php(189): CodeIgniter\Config\BaseService::__callStatic('session', Array)
#5 D:\www\ppe_chopesgames\system\Config\Services.php(563): CodeIgniter\Config\BaseService::getSharedInstance('session', NULL)
#6 D:\www\ppe_chopesgames\system\Config\BaseService.php(248): CodeIgniter\Config\Services::session()
#7 D:\www\ppe_chopesgames\system\Common.php(909): CodeIgniter\Config\BaseService::__callStatic('session', Array)
#8 D:\www\ppe_chopesgames\app\Views\templates\header.php(3): session()
#9 D:\www\ppe_chopesgames\system\View\View.php(214): include('D:\\www\\ppe_chop...')
#10 D:\www\ppe_chopesgames\system\View\View.php(217): CodeIgniter\View\View->CodeIgniter\View\{closure}()
#11 D:\www\ppe_chopesgames\system\Common.php(1097): CodeIgniter\View\View->render('templates/heade...', Array, true)
#12 D:\www\ppe_chopesgames\app\Controllers\Visiteur.php(26): view('templates/heade...', Array)
#13 D:\www\ppe_chopesgames\system\CodeIgniter.php(824): App\Controllers\Visiteur->accueil()
#14 D:\www\ppe_chopesgames\system\CodeIgniter.php(410): CodeIgniter\CodeIgniter->runController(Object(App\Controllers\Visiteur))
#15 D:\www\ppe_chopesgames\system\CodeIgniter.php(318): CodeIgniter\CodeIgniter->handleRequest(NULL, Object(Config\Cache), false)
#16 D:\www\ppe_chopesgames\public\index.php(37): CodeIgniter\CodeIgniter->run()
#17 D:\www\ppe_chopesgames\system\Commands\Server\rewrite.php(43): require_once('D:\\www\\ppe_chop...')
#18 {main}
CRITICAL - 2022-12-14 03:58:16 --> filter_var(): Argument #3 ($options) must be of type array|int, string given
#0 D:\www\ppe_chopesgames\system\Validation\FormatRules.php(267): filter_var('::1', 275, '')
#1 D:\www\ppe_chopesgames\system\HTTP\RequestTrait.php(151): CodeIgniter\Validation\FormatRules->valid_ip('::1')
#2 D:\www\ppe_chopesgames\system\Config\Services.php(570): CodeIgniter\HTTP\Request->getIPAddress()
#3 D:\www\ppe_chopesgames\system\Config\BaseService.php(248): CodeIgniter\Config\Services::session(Object(Config\App), false)
#4 D:\www\ppe_chopesgames\system\Config\BaseService.php(189): CodeIgniter\Config\BaseService::__callStatic('session', Array)
#5 D:\www\ppe_chopesgames\system\Config\Services.php(563): CodeIgniter\Config\BaseService::getSharedInstance('session', NULL)
#6 D:\www\ppe_chopesgames\system\Config\BaseService.php(248): CodeIgniter\Config\Services::session()
#7 D:\www\ppe_chopesgames\system\Common.php(909): CodeIgniter\Config\BaseService::__callStatic('session', Array)
#8 D:\www\ppe_chopesgames\app\Views\templates\header.php(3): session()
#9 D:\www\ppe_chopesgames\system\View\View.php(214): include('D:\\www\\ppe_chop...')
#10 D:\www\ppe_chopesgames\system\View\View.php(217): CodeIgniter\View\View->CodeIgniter\View\{closure}()
#11 D:\www\ppe_chopesgames\system\Common.php(1097): CodeIgniter\View\View->render('templates/heade...', Array, true)
#12 D:\www\ppe_chopesgames\app\Controllers\Visiteur.php(26): view('templates/heade...', Array)
#13 D:\www\ppe_chopesgames\system\CodeIgniter.php(824): App\Controllers\Visiteur->accueil()
#14 D:\www\ppe_chopesgames\system\CodeIgniter.php(410): CodeIgniter\CodeIgniter->runController(Object(App\Controllers\Visiteur))
#15 D:\www\ppe_chopesgames\system\CodeIgniter.php(318): CodeIgniter\CodeIgniter->handleRequest(NULL, Object(Config\Cache), false)
#16 D:\www\ppe_chopesgames\public\index.php(37): CodeIgniter\CodeIgniter->run()
#17 D:\www\ppe_chopesgames\system\Commands\Server\rewrite.php(43): require_once('D:\\www\\ppe_chop...')
#18 {main}
CRITICAL - 2022-12-14 03:58:16 --> filter_var(): Argument #3 ($options) must be of type array|int, string given
#0 D:\www\ppe_chopesgames\system\Validation\FormatRules.php(267): filter_var('::1', 275, '')
#1 D:\www\ppe_chopesgames\system\HTTP\RequestTrait.php(151): CodeIgniter\Validation\FormatRules->valid_ip('::1')
#2 D:\www\ppe_chopesgames\system\Config\Services.php(570): CodeIgniter\HTTP\Request->getIPAddress()
#3 D:\www\ppe_chopesgames\system\Config\BaseService.php(248): CodeIgniter\Config\Services::session(Object(Config\App), false)
#4 D:\www\ppe_chopesgames\system\Config\BaseService.php(189): CodeIgniter\Config\BaseService::__callStatic('session', Array)
#5 D:\www\ppe_chopesgames\system\Config\Services.php(563): CodeIgniter\Config\BaseService::getSharedInstance('session', NULL)
#6 D:\www\ppe_chopesgames\system\Config\BaseService.php(248): CodeIgniter\Config\Services::session()
#7 D:\www\ppe_chopesgames\system\Common.php(909): CodeIgniter\Config\BaseService::__callStatic('session', Array)
#8 D:\www\ppe_chopesgames\app\Views\templates\header.php(3): session()
#9 D:\www\ppe_chopesgames\system\View\View.php(214): include('D:\\www\\ppe_chop...')
#10 D:\www\ppe_chopesgames\system\View\View.php(217): CodeIgniter\View\View->CodeIgniter\View\{closure}()
#11 D:\www\ppe_chopesgames\system\Common.php(1097): CodeIgniter\View\View->render('templates/heade...', Array, true)
#12 D:\www\ppe_chopesgames\app\Controllers\Visiteur.php(26): view('templates/heade...', Array)
#13 D:\www\ppe_chopesgames\system\CodeIgniter.php(824): App\Controllers\Visiteur->accueil()
#14 D:\www\ppe_chopesgames\system\CodeIgniter.php(410): CodeIgniter\CodeIgniter->runController(Object(App\Controllers\Visiteur))
#15 D:\www\ppe_chopesgames\system\CodeIgniter.php(318): CodeIgniter\CodeIgniter->handleRequest(NULL, Object(Config\Cache), false)
#16 D:\www\ppe_chopesgames\public\index.php(37): CodeIgniter\CodeIgniter->run()
#17 D:\www\ppe_chopesgames\system\Commands\Server\rewrite.php(43): require_once('D:\\www\\ppe_chop...')
#18 {main}
CRITICAL - 2022-12-14 03:58:41 --> strtolower(): Passing null to parameter #1 ($string) of type string is deprecated
#0 [internal function]: CodeIgniter\Debug\Exceptions->errorHandler(8192, 'strtolower(): P...', 'D:\\www\\ppe_chop...', 253)
#1 D:\www\ppe_chopesgames\system\Validation\FormatRules.php(253): strtolower(NULL)
#2 D:\www\ppe_chopesgames\system\HTTP\RequestTrait.php(151): CodeIgniter\Validation\FormatRules->valid_ip('::1')
#3 D:\www\ppe_chopesgames\system\Config\Services.php(570): CodeIgniter\HTTP\Request->getIPAddress()
#4 D:\www\ppe_chopesgames\system\Config\BaseService.php(248): CodeIgniter\Config\Services::session(Object(Config\App), false)
#5 D:\www\ppe_chopesgames\system\Config\BaseService.php(189): CodeIgniter\Config\BaseService::__callStatic('session', Array)
#6 D:\www\ppe_chopesgames\system\Config\Services.php(563): CodeIgniter\Config\BaseService::getSharedInstance('session', NULL)
#7 D:\www\ppe_chopesgames\system\Config\BaseService.php(248): CodeIgniter\Config\Services::session()
#8 D:\www\ppe_chopesgames\system\Common.php(909): CodeIgniter\Config\BaseService::__callStatic('session', Array)
#9 D:\www\ppe_chopesgames\app\Views\templates\header.php(3): session()
#10 D:\www\ppe_chopesgames\system\View\View.php(214): include('D:\\www\\ppe_chop...')
#11 D:\www\ppe_chopesgames\system\View\View.php(217): CodeIgniter\View\View->CodeIgniter\View\{closure}()
#12 D:\www\ppe_chopesgames\system\Common.php(1097): CodeIgniter\View\View->render('templates/heade...', Array, true)
#13 D:\www\ppe_chopesgames\app\Controllers\Visiteur.php(26): view('templates/heade...', Array)
#14 D:\www\ppe_chopesgames\system\CodeIgniter.php(824): App\Controllers\Visiteur->accueil()
#15 D:\www\ppe_chopesgames\system\CodeIgniter.php(410): CodeIgniter\CodeIgniter->runController(Object(App\Controllers\Visiteur))
#16 D:\www\ppe_chopesgames\system\CodeIgniter.php(318): CodeIgniter\CodeIgniter->handleRequest(NULL, Object(Config\Cache), false)
#17 D:\www\ppe_chopesgames\public\index.php(37): CodeIgniter\CodeIgniter->run()
#18 D:\www\ppe_chopesgames\system\Commands\Server\rewrite.php(43): require_once('D:\\www\\ppe_chop...')
#19 {main}
CRITICAL - 2022-12-14 03:59:17 --> filter_var(): Passing null to parameter #3 ($options) of type array|int is deprecated
#0 [internal function]: CodeIgniter\Debug\Exceptions->errorHandler(8192, 'filter_var(): P...', 'D:\\www\\ppe_chop...', 267)
#1 D:\www\ppe_chopesgames\system\Validation\FormatRules.php(267): filter_var('::1', 275, NULL)
#2 D:\www\ppe_chopesgames\system\HTTP\RequestTrait.php(151): CodeIgniter\Validation\FormatRules->valid_ip('::1')
#3 D:\www\ppe_chopesgames\system\Config\Services.php(570): CodeIgniter\HTTP\Request->getIPAddress()
#4 D:\www\ppe_chopesgames\system\Config\BaseService.php(248): CodeIgniter\Config\Services::session(Object(Config\App), false)
#5 D:\www\ppe_chopesgames\system\Config\BaseService.php(189): CodeIgniter\Config\BaseService::__callStatic('session', Array)
#6 D:\www\ppe_chopesgames\system\Config\Services.php(563): CodeIgniter\Config\BaseService::getSharedInstance('session', NULL)
#7 D:\www\ppe_chopesgames\system\Config\BaseService.php(248): CodeIgniter\Config\Services::session()
#8 D:\www\ppe_chopesgames\system\Common.php(909): CodeIgniter\Config\BaseService::__callStatic('session', Array)
#9 D:\www\ppe_chopesgames\app\Views\templates\header.php(3): session()
#10 D:\www\ppe_chopesgames\system\View\View.php(214): include('D:\\www\\ppe_chop...')
#11 D:\www\ppe_chopesgames\system\View\View.php(217): CodeIgniter\View\View->CodeIgniter\View\{closure}()
#12 D:\www\ppe_chopesgames\system\Common.php(1097): CodeIgniter\View\View->render('templates/heade...', Array, true)
#13 D:\www\ppe_chopesgames\app\Controllers\Visiteur.php(26): view('templates/heade...', Array)
#14 D:\www\ppe_chopesgames\system\CodeIgniter.php(824): App\Controllers\Visiteur->accueil()
#15 D:\www\ppe_chopesgames\system\CodeIgniter.php(410): CodeIgniter\CodeIgniter->runController(Object(App\Controllers\Visiteur))
#16 D:\www\ppe_chopesgames\system\CodeIgniter.php(318): CodeIgniter\CodeIgniter->handleRequest(NULL, Object(Config\Cache), false)
#17 D:\www\ppe_chopesgames\public\index.php(37): CodeIgniter\CodeIgniter->run()
#18 D:\www\ppe_chopesgames\system\Commands\Server\rewrite.php(43): require_once('D:\\www\\ppe_chop...')
#19 {main}
CRITICAL - 2022-12-14 04:01:52 --> filter_var(): Passing null to parameter #3 ($options) of type array|int is deprecated
#0 [internal function]: CodeIgniter\Debug\Exceptions->errorHandler(8192, 'filter_var(): P...', 'D:\\www\\ppe_chop...', 265)
#1 D:\www\ppe_chopesgames\system\Validation\FormatRules.php(265): filter_var('::1', 275, NULL)
#2 D:\www\ppe_chopesgames\system\HTTP\RequestTrait.php(151): CodeIgniter\Validation\FormatRules->valid_ip('::1')
#3 D:\www\ppe_chopesgames\system\Config\Services.php(570): CodeIgniter\HTTP\Request->getIPAddress()
#4 D:\www\ppe_chopesgames\system\Config\BaseService.php(248): CodeIgniter\Config\Services::session(Object(Config\App), false)
#5 D:\www\ppe_chopesgames\system\Config\BaseService.php(189): CodeIgniter\Config\BaseService::__callStatic('session', Array)
#6 D:\www\ppe_chopesgames\system\Config\Services.php(563): CodeIgniter\Config\BaseService::getSharedInstance('session', NULL)
#7 D:\www\ppe_chopesgames\system\Config\BaseService.php(248): CodeIgniter\Config\Services::session()
#8 D:\www\ppe_chopesgames\system\Common.php(909): CodeIgniter\Config\BaseService::__callStatic('session', Array)
#9 D:\www\ppe_chopesgames\app\Views\templates\header.php(3): session()
#10 D:\www\ppe_chopesgames\system\View\View.php(214): include('D:\\www\\ppe_chop...')
#11 D:\www\ppe_chopesgames\system\View\View.php(217): CodeIgniter\View\View->CodeIgniter\View\{closure}()
#12 D:\www\ppe_chopesgames\system\Common.php(1097): CodeIgniter\View\View->render('templates/heade...', Array, true)
#13 D:\www\ppe_chopesgames\app\Controllers\Visiteur.php(26): view('templates/heade...', Array)
#14 D:\www\ppe_chopesgames\system\CodeIgniter.php(824): App\Controllers\Visiteur->accueil()
#15 D:\www\ppe_chopesgames\system\CodeIgniter.php(410): CodeIgniter\CodeIgniter->runController(Object(App\Controllers\Visiteur))
#16 D:\www\ppe_chopesgames\system\CodeIgniter.php(318): CodeIgniter\CodeIgniter->handleRequest(NULL, Object(Config\Cache), false)
#17 D:\www\ppe_chopesgames\public\index.php(37): CodeIgniter\CodeIgniter->run()
#18 D:\www\ppe_chopesgames\system\Commands\Server\rewrite.php(43): require_once('D:\\www\\ppe_chop...')
#19 {main}
CRITICAL - 2022-12-14 05:04:20 --> trim(): Passing null to parameter #1 ($string) of type string is deprecated
#0 [internal function]: CodeIgniter\Debug\Exceptions->errorHandler(8192, 'trim(): Passing...', 'D:\\www\\ppe_chop...', 252)
#1 D:\www\ppe_chopesgames\system\Validation\Rules.php(252): trim(NULL)
#2 D:\www\ppe_chopesgames\system\Validation\Validation.php(277): CodeIgniter\Validation\Rules->required(NULL, NULL)
#3 D:\www\ppe_chopesgames\system\Validation\Validation.php(151): CodeIgniter\Validation\Validation->processRules('txtEmail', 'txtEmail', NULL, Array, Array)
#4 D:\www\ppe_chopesgames\system\Controller.php(160): CodeIgniter\Validation\Validation->run()
#5 D:\www\ppe_chopesgames\app\Controllers\Visiteur.php(329): CodeIgniter\Controller->validate(Array, Array)
#6 D:\www\ppe_chopesgames\system\CodeIgniter.php(824): App\Controllers\Visiteur->se_connecter()
#7 D:\www\ppe_chopesgames\system\CodeIgniter.php(410): CodeIgniter\CodeIgniter->runController(Object(App\Controllers\Visiteur))
#8 D:\www\ppe_chopesgames\system\CodeIgniter.php(318): CodeIgniter\CodeIgniter->handleRequest(NULL, Object(Config\Cache), false)
#9 D:\www\ppe_chopesgames\public\index.php(37): CodeIgniter\CodeIgniter->run()
#10 D:\www\ppe_chopesgames\system\Commands\Server\rewrite.php(43): require_once('D:\\www\\ppe_chop...')
#11 {main}
CRITICAL - 2022-12-14 05:06:51 --> str_replace(): Passing null to parameter #2 ($replace) of type array|string is deprecated
#0 [internal function]: CodeIgniter\Debug\Exceptions->errorHandler(8192, 'str_replace(): ...', 'D:\\www\\ppe_chop...', 669)
#1 D:\www\ppe_chopesgames\system\Validation\Validation.php(669): str_replace('{value}', NULL, 'Un Email est re...')
#2 D:\www\ppe_chopesgames\system\Validation\Validation.php(298): CodeIgniter\Validation\Validation->getErrorMessage('required', 'txtEmail', 'txtEmail', '', NULL)
#3 D:\www\ppe_chopesgames\system\Validation\Validation.php(151): CodeIgniter\Validation\Validation->processRules('txtEmail', 'txtEmail', NULL, Array, Array)
#4 D:\www\ppe_chopesgames\system\Controller.php(160): CodeIgniter\Validation\Validation->run()
#5 D:\www\ppe_chopesgames\app\Controllers\Visiteur.php(329): CodeIgniter\Controller->validate(Array, Array)
#6 D:\www\ppe_chopesgames\system\CodeIgniter.php(824): App\Controllers\Visiteur->se_connecter()
#7 D:\www\ppe_chopesgames\system\CodeIgniter.php(410): CodeIgniter\CodeIgniter->runController(Object(App\Controllers\Visiteur))
#8 D:\www\ppe_chopesgames\system\CodeIgniter.php(318): CodeIgniter\CodeIgniter->handleRequest(NULL, Object(Config\Cache), false)
#9 D:\www\ppe_chopesgames\public\index.php(37): CodeIgniter\CodeIgniter->run()
#10 D:\www\ppe_chopesgames\system\Commands\Server\rewrite.php(43): require_once('D:\\www\\ppe_chop...')
#11 {main}
