ERROR - 2022-12-15 02:20:32 --> Error connecting to the database: Access denied for user ''@'localhost' (using password: NO)
CRITICAL - 2022-12-15 02:20:32 --> Unable to connect to the database.
Main connection [MySQLi]: Access denied for user ''@'localhost' (using password: NO)
#0 C:\Users\BTS SIO\Documents\ReposExterieurs\PPEGames\ChopesGames\system\Database\BaseConnection.php(577): CodeIgniter\Database\BaseConnection->initialize()
#1 C:\Users\BTS SIO\Documents\ReposExterieurs\PPEGames\ChopesGames\system\Database\BaseBuilder.php(1443): CodeIgniter\Database\BaseConnection->query('SELECT *\nFROM `...', Array, false)
#2 C:\Users\BTS SIO\Documents\ReposExterieurs\PPEGames\ChopesGames\system\Model.php(183): CodeIgniter\Database\BaseBuilder->get()
#3 C:\Users\BTS SIO\Documents\ReposExterieurs\PPEGames\ChopesGames\system\BaseModel.php(584): CodeIgniter\Model->doFindAll(0, 0)
#4 C:\Users\BTS SIO\Documents\ReposExterieurs\PPEGames\ChopesGames\app\Models\ModeleProduit.php(27): CodeIgniter\BaseModel->findAll()
#5 C:\Users\BTS SIO\Documents\ReposExterieurs\PPEGames\ChopesGames\app\Controllers\Visiteur.php(20): App\Models\ModeleProduit->retourner_vitrine()
#6 C:\Users\BTS SIO\Documents\ReposExterieurs\PPEGames\ChopesGames\system\CodeIgniter.php(824): App\Controllers\Visiteur->accueil()
#7 C:\Users\BTS SIO\Documents\ReposExterieurs\PPEGames\ChopesGames\system\CodeIgniter.php(410): CodeIgniter\CodeIgniter->runController(Object(App\Controllers\Visiteur))
#8 C:\Users\BTS SIO\Documents\ReposExterieurs\PPEGames\ChopesGames\system\CodeIgniter.php(318): CodeIgniter\CodeIgniter->handleRequest(NULL, Object(Config\Cache), false)
#9 C:\Users\BTS SIO\Documents\ReposExterieurs\PPEGames\ChopesGames\public\index.php(37): CodeIgniter\CodeIgniter->run()
#10 C:\Users\BTS SIO\Documents\ReposExterieurs\PPEGames\ChopesGames\system\Commands\Server\rewrite.php(43): require_once('C:\\Users\\BTS SI...')
#11 {main}
CRITICAL - 2022-12-15 04:50:03 --> min_lenght is not a valid rule.
#0 C:\Users\BTS SIO\Documents\ReposExterieurs\PPEGames\ChopesGames\system\Validation\Validation.php(285): CodeIgniter\Validation\Exceptions\ValidationException::forRuleNotFound('min_lenght')
#1 C:\Users\BTS SIO\Documents\ReposExterieurs\PPEGames\ChopesGames\system\Validation\Validation.php(151): CodeIgniter\Validation\Validation->processRules('txtMdp', 'txtMdp', 'ceci', Array, Array)
#2 C:\Users\BTS SIO\Documents\ReposExterieurs\PPEGames\ChopesGames\system\Controller.php(160): CodeIgniter\Validation\Validation->run()
#3 C:\Users\BTS SIO\Documents\ReposExterieurs\PPEGames\ChopesGames\app\Controllers\Visiteur.php(262): CodeIgniter\Controller->validate(Array, Array)
#4 C:\Users\BTS SIO\Documents\ReposExterieurs\PPEGames\ChopesGames\system\CodeIgniter.php(824): App\Controllers\Visiteur->s_enregistrer()
#5 C:\Users\BTS SIO\Documents\ReposExterieurs\PPEGames\ChopesGames\system\CodeIgniter.php(410): CodeIgniter\CodeIgniter->runController(Object(App\Controllers\Visiteur))
#6 C:\Users\BTS SIO\Documents\ReposExterieurs\PPEGames\ChopesGames\system\CodeIgniter.php(318): CodeIgniter\CodeIgniter->handleRequest(NULL, Object(Config\Cache), false)
#7 C:\Users\BTS SIO\Documents\ReposExterieurs\PPEGames\ChopesGames\public\index.php(37): CodeIgniter\CodeIgniter->run()
#8 C:\Users\BTS SIO\Documents\ReposExterieurs\PPEGames\ChopesGames\system\Commands\Server\rewrite.php(43): require_once('C:\\Users\\BTS SI...')
#9 {main}
